[27-Apr-2016 14:35:13 UTC] PHP Notice:  Array to string conversion in D:\PhpstormProjects\Casper\clientside\dirScan.class.php on line 30
[27-Apr-2016 14:35:13 UTC] PHP Stack trace:
[27-Apr-2016 14:35:13 UTC] PHP   1. {main}() D:\PhpstormProjects\Casper\clientside\execute.php:0
[27-Apr-2016 14:35:13 UTC] PHP   2. DirScan->scan() D:\PhpstormProjects\Casper\clientside\execute.php:27
[27-Apr-2016 14:35:13 UTC] PHP   3. DirScan->find404() D:\PhpstormProjects\Casper\clientside\dirScan.class.php:45
[27-Apr-2016 14:36:52 UTC] PHP Notice:  Array to string conversion in D:\PhpstormProjects\Casper\clientside\dirScan.class.php on line 30
[27-Apr-2016 14:36:52 UTC] PHP Stack trace:
[27-Apr-2016 14:36:52 UTC] PHP   1. {main}() D:\PhpstormProjects\Casper\clientside\execute.php:0
[27-Apr-2016 14:36:52 UTC] PHP   2. DirScan->scan() D:\PhpstormProjects\Casper\clientside\execute.php:28
[27-Apr-2016 14:36:52 UTC] PHP   3. DirScan->find404() D:\PhpstormProjects\Casper\clientside\dirScan.class.php:45
[27-Apr-2016 14:37:58 UTC] PHP Notice:  Array to string conversion in D:\PhpstormProjects\Casper\clientside\dirScan.class.php on line 31
[27-Apr-2016 14:37:58 UTC] PHP Stack trace:
[27-Apr-2016 14:37:58 UTC] PHP   1. {main}() D:\PhpstormProjects\Casper\clientside\execute.php:0
[27-Apr-2016 14:37:58 UTC] PHP   2. DirScan->scan() D:\PhpstormProjects\Casper\clientside\execute.php:28
[27-Apr-2016 14:37:58 UTC] PHP   3. DirScan->find404() D:\PhpstormProjects\Casper\clientside\dirScan.class.php:46
[27-Apr-2016 16:40:21 UTC] PHP Notice:  Undefined index: subdomains in D:\PhpstormProjects\Casper\clientside\execute.php on line 33
[27-Apr-2016 16:40:21 UTC] PHP Stack trace:
[27-Apr-2016 16:40:21 UTC] PHP   1. {main}() D:\PhpstormProjects\Casper\clientside\execute.php:0
[27-Apr-2016 16:40:21 UTC] PHP Warning:  Invalid argument supplied for foreach() in D:\PhpstormProjects\Casper\clientside\subdomainScan.class.php on line 24
[27-Apr-2016 16:40:21 UTC] PHP Stack trace:
[27-Apr-2016 16:40:21 UTC] PHP   1. {main}() D:\PhpstormProjects\Casper\clientside\execute.php:0
[27-Apr-2016 16:40:21 UTC] PHP   2. SubdomainScanClass->scan() D:\PhpstormProjects\Casper\clientside\execute.php:35
[27-Apr-2016 16:42:39 UTC] PHP Warning:  dns_get_record(): DNS Query failed in D:\PhpstormProjects\Casper\clientside\subdomainScan.class.php on line 26
[27-Apr-2016 16:42:39 UTC] PHP Stack trace:
[27-Apr-2016 16:42:39 UTC] PHP   1. {main}() D:\PhpstormProjects\Casper\clientside\execute.php:0
[27-Apr-2016 16:42:39 UTC] PHP   2. SubdomainScanClass->scan() D:\PhpstormProjects\Casper\clientside\execute.php:35
[27-Apr-2016 16:42:39 UTC] PHP   3. dns_get_record() D:\PhpstormProjects\Casper\clientside\subdomainScan.class.php:26
[27-Apr-2016 16:42:39 UTC] PHP Warning:  dns_get_record(): DNS Query failed in D:\PhpstormProjects\Casper\clientside\subdomainScan.class.php on line 26
[27-Apr-2016 16:42:39 UTC] PHP Stack trace:
[27-Apr-2016 16:42:39 UTC] PHP   1. {main}() D:\PhpstormProjects\Casper\clientside\execute.php:0
[27-Apr-2016 16:42:39 UTC] PHP   2. SubdomainScanClass->scan() D:\PhpstormProjects\Casper\clientside\execute.php:35
[27-Apr-2016 16:42:39 UTC] PHP   3. dns_get_record() D:\PhpstormProjects\Casper\clientside\subdomainScan.class.php:26
[27-Apr-2016 16:42:39 UTC] PHP Warning:  dns_get_record(): DNS Query failed in D:\PhpstormProjects\Casper\clientside\subdomainScan.class.php on line 26
[27-Apr-2016 16:42:39 UTC] PHP Stack trace:
[27-Apr-2016 16:42:39 UTC] PHP   1. {main}() D:\PhpstormProjects\Casper\clientside\execute.php:0
[27-Apr-2016 16:42:39 UTC] PHP   2. SubdomainScanClass->scan() D:\PhpstormProjects\Casper\clientside\execute.php:35
[27-Apr-2016 16:42:39 UTC] PHP   3. dns_get_record() D:\PhpstormProjects\Casper\clientside\subdomainScan.class.php:26
[27-Apr-2016 16:42:39 UTC] PHP Warning:  dns_get_record(): DNS Query failed in D:\PhpstormProjects\Casper\clientside\subdomainScan.class.php on line 26
[27-Apr-2016 16:42:39 UTC] PHP Stack trace:
[27-Apr-2016 16:42:39 UTC] PHP   1. {main}() D:\PhpstormProjects\Casper\clientside\execute.php:0
[27-Apr-2016 16:42:39 UTC] PHP   2. SubdomainScanClass->scan() D:\PhpstormProjects\Casper\clientside\execute.php:35
[27-Apr-2016 16:42:39 UTC] PHP   3. dns_get_record() D:\PhpstormProjects\Casper\clientside\subdomainScan.class.php:26
[27-Apr-2016 16:42:39 UTC] PHP Warning:  dns_get_record(): DNS Query failed in D:\PhpstormProjects\Casper\clientside\subdomainScan.class.php on line 26
[27-Apr-2016 16:42:39 UTC] PHP Stack trace:
[27-Apr-2016 16:42:39 UTC] PHP   1. {main}() D:\PhpstormProjects\Casper\clientside\execute.php:0
[27-Apr-2016 16:42:39 UTC] PHP   2. SubdomainScanClass->scan() D:\PhpstormProjects\Casper\clientside\execute.php:35
[27-Apr-2016 16:42:39 UTC] PHP   3. dns_get_record() D:\PhpstormProjects\Casper\clientside\subdomainScan.class.php:26
[27-Apr-2016 16:42:39 UTC] PHP Warning:  dns_get_record(): DNS Query failed in D:\PhpstormProjects\Casper\clientside\subdomainScan.class.php on line 26
[27-Apr-2016 16:42:39 UTC] PHP Stack trace:
[27-Apr-2016 16:42:39 UTC] PHP   1. {main}() D:\PhpstormProjects\Casper\clientside\execute.php:0
[27-Apr-2016 16:42:39 UTC] PHP   2. SubdomainScanClass->scan() D:\PhpstormProjects\Casper\clientside\execute.php:35
[27-Apr-2016 16:42:39 UTC] PHP   3. dns_get_record() D:\PhpstormProjects\Casper\clientside\subdomainScan.class.php:26
[27-Apr-2016 16:42:39 UTC] PHP Warning:  dns_get_record(): DNS Query failed in D:\PhpstormProjects\Casper\clientside\subdomainScan.class.php on line 26
[27-Apr-2016 16:42:39 UTC] PHP Stack trace:
[27-Apr-2016 16:42:39 UTC] PHP   1. {main}() D:\PhpstormProjects\Casper\clientside\execute.php:0
[27-Apr-2016 16:42:39 UTC] PHP   2. SubdomainScanClass->scan() D:\PhpstormProjects\Casper\clientside\execute.php:35
[27-Apr-2016 16:42:39 UTC] PHP   3. dns_get_record() D:\PhpstormProjects\Casper\clientside\subdomainScan.class.php:26
[27-Apr-2016 16:42:39 UTC] PHP Warning:  dns_get_record(): DNS Query failed in D:\PhpstormProjects\Casper\clientside\subdomainScan.class.php on line 26
[27-Apr-2016 16:42:39 UTC] PHP Stack trace:
[27-Apr-2016 16:42:39 UTC] PHP   1. {main}() D:\PhpstormProjects\Casper\clientside\execute.php:0
[27-Apr-2016 16:42:39 UTC] PHP   2. SubdomainScanClass->scan() D:\PhpstormProjects\Casper\clientside\execute.php:35
[27-Apr-2016 16:42:39 UTC] PHP   3. dns_get_record() D:\PhpstormProjects\Casper\clientside\subdomainScan.class.php:26
[27-Apr-2016 16:42:39 UTC] PHP Warning:  dns_get_record(): DNS Query failed in D:\PhpstormProjects\Casper\clientside\subdomainScan.class.php on line 26
[27-Apr-2016 16:42:39 UTC] PHP Stack trace:
[27-Apr-2016 16:42:39 UTC] PHP   1. {main}() D:\PhpstormProjects\Casper\clientside\execute.php:0
[27-Apr-2016 16:42:39 UTC] PHP   2. SubdomainScanClass->scan() D:\PhpstormProjects\Casper\clientside\execute.php:35
[27-Apr-2016 16:42:39 UTC] PHP   3. dns_get_record() D:\PhpstormProjects\Casper\clientside\subdomainScan.class.php:26
[27-Apr-2016 16:42:39 UTC] PHP Warning:  dns_get_record(): DNS Query failed in D:\PhpstormProjects\Casper\clientside\subdomainScan.class.php on line 26
[27-Apr-2016 16:42:39 UTC] PHP Stack trace:
[27-Apr-2016 16:42:39 UTC] PHP   1. {main}() D:\PhpstormProjects\Casper\clientside\execute.php:0
[27-Apr-2016 16:42:39 UTC] PHP   2. SubdomainScanClass->scan() D:\PhpstormProjects\Casper\clientside\execute.php:35
[27-Apr-2016 16:42:39 UTC] PHP   3. dns_get_record() D:\PhpstormProjects\Casper\clientside\subdomainScan.class.php:26
[27-Apr-2016 16:42:39 UTC] PHP Warning:  dns_get_record(): DNS Query failed in D:\PhpstormProjects\Casper\clientside\subdomainScan.class.php on line 26
[27-Apr-2016 16:42:39 UTC] PHP Stack trace:
[27-Apr-2016 16:42:39 UTC] PHP   1. {main}() D:\PhpstormProjects\Casper\clientside\execute.php:0
[27-Apr-2016 16:42:39 UTC] PHP   2. SubdomainScanClass->scan() D:\PhpstormProjects\Casper\clientside\execute.php:35
[27-Apr-2016 16:42:39 UTC] PHP   3. dns_get_record() D:\PhpstormProjects\Casper\clientside\subdomainScan.class.php:26
[27-Apr-2016 16:42:39 UTC] PHP Warning:  dns_get_record(): DNS Query failed in D:\PhpstormProjects\Casper\clientside\subdomainScan.class.php on line 26
[27-Apr-2016 16:42:39 UTC] PHP Stack trace:
[27-Apr-2016 16:42:39 UTC] PHP   1. {main}() D:\PhpstormProjects\Casper\clientside\execute.php:0
[27-Apr-2016 16:42:39 UTC] PHP   2. SubdomainScanClass->scan() D:\PhpstormProjects\Casper\clientside\execute.php:35
[27-Apr-2016 16:42:39 UTC] PHP   3. dns_get_record() D:\PhpstormProjects\Casper\clientside\subdomainScan.class.php:26
[27-Apr-2016 16:42:39 UTC] PHP Warning:  dns_get_record(): DNS Query failed in D:\PhpstormProjects\Casper\clientside\subdomainScan.class.php on line 26
[27-Apr-2016 16:42:39 UTC] PHP Stack trace:
[27-Apr-2016 16:42:39 UTC] PHP   1. {main}() D:\PhpstormProjects\Casper\clientside\execute.php:0
[27-Apr-2016 16:42:39 UTC] PHP   2. SubdomainScanClass->scan() D:\PhpstormProjects\Casper\clientside\execute.php:35
[27-Apr-2016 16:42:39 UTC] PHP   3. dns_get_record() D:\PhpstormProjects\Casper\clientside\subdomainScan.class.php:26
[27-Apr-2016 16:42:39 UTC] PHP Warning:  dns_get_record(): DNS Query failed in D:\PhpstormProjects\Casper\clientside\subdomainScan.class.php on line 26
[27-Apr-2016 16:42:39 UTC] PHP Stack trace:
[27-Apr-2016 16:42:39 UTC] PHP   1. {main}() D:\PhpstormProjects\Casper\clientside\execute.php:0
[27-Apr-2016 16:42:39 UTC] PHP   2. SubdomainScanClass->scan() D:\PhpstormProjects\Casper\clientside\execute.php:35
[27-Apr-2016 16:42:39 UTC] PHP   3. dns_get_record() D:\PhpstormProjects\Casper\clientside\subdomainScan.class.php:26
[27-Apr-2016 16:42:39 UTC] PHP Warning:  dns_get_record(): DNS Query failed in D:\PhpstormProjects\Casper\clientside\subdomainScan.class.php on line 26
[27-Apr-2016 16:42:39 UTC] PHP Stack trace:
[27-Apr-2016 16:42:39 UTC] PHP   1. {main}() D:\PhpstormProjects\Casper\clientside\execute.php:0
[27-Apr-2016 16:42:39 UTC] PHP   2. SubdomainScanClass->scan() D:\PhpstormProjects\Casper\clientside\execute.php:35
[27-Apr-2016 16:42:39 UTC] PHP   3. dns_get_record() D:\PhpstormProjects\Casper\clientside\subdomainScan.class.php:26
[27-Apr-2016 16:42:39 UTC] PHP Warning:  dns_get_record(): DNS Query failed in D:\PhpstormProjects\Casper\clientside\subdomainScan.class.php on line 26
[27-Apr-2016 16:42:39 UTC] PHP Stack trace:
[27-Apr-2016 16:42:39 UTC] PHP   1. {main}() D:\PhpstormProjects\Casper\clientside\execute.php:0
[27-Apr-2016 16:42:39 UTC] PHP   2. SubdomainScanClass->scan() D:\PhpstormProjects\Casper\clientside\execute.php:35
[27-Apr-2016 16:42:39 UTC] PHP   3. dns_get_record() D:\PhpstormProjects\Casper\clientside\subdomainScan.class.php:26
[27-Apr-2016 16:42:39 UTC] PHP Warning:  dns_get_record(): DNS Query failed in D:\PhpstormProjects\Casper\clientside\subdomainScan.class.php on line 26
[27-Apr-2016 16:42:39 UTC] PHP Stack trace:
[27-Apr-2016 16:42:39 UTC] PHP   1. {main}() D:\PhpstormProjects\Casper\clientside\execute.php:0
[27-Apr-2016 16:42:39 UTC] PHP   2. SubdomainScanClass->scan() D:\PhpstormProjects\Casper\clientside\execute.php:35
[27-Apr-2016 16:42:39 UTC] PHP   3. dns_get_record() D:\PhpstormProjects\Casper\clientside\subdomainScan.class.php:26
[27-Apr-2016 16:42:39 UTC] PHP Warning:  dns_get_record(): DNS Query failed in D:\PhpstormProjects\Casper\clientside\subdomainScan.class.php on line 26
[27-Apr-2016 16:42:39 UTC] PHP Stack trace:
[27-Apr-2016 16:42:39 UTC] PHP   1. {main}() D:\PhpstormProjects\Casper\clientside\execute.php:0
[27-Apr-2016 16:42:39 UTC] PHP   2. SubdomainScanClass->scan() D:\PhpstormProjects\Casper\clientside\execute.php:35
[27-Apr-2016 16:42:39 UTC] PHP   3. dns_get_record() D:\PhpstormProjects\Casper\clientside\subdomainScan.class.php:26
[27-Apr-2016 16:42:39 UTC] PHP Warning:  dns_get_record(): DNS Query failed in D:\PhpstormProjects\Casper\clientside\subdomainScan.class.php on line 26
[27-Apr-2016 16:42:39 UTC] PHP Stack trace:
[27-Apr-2016 16:42:39 UTC] PHP   1. {main}() D:\PhpstormProjects\Casper\clientside\execute.php:0
[27-Apr-2016 16:42:39 UTC] PHP   2. SubdomainScanClass->scan() D:\PhpstormProjects\Casper\clientside\execute.php:35
[27-Apr-2016 16:42:39 UTC] PHP   3. dns_get_record() D:\PhpstormProjects\Casper\clientside\subdomainScan.class.php:26
[27-Apr-2016 16:42:39 UTC] PHP Warning:  dns_get_record(): DNS Query failed in D:\PhpstormProjects\Casper\clientside\subdomainScan.class.php on line 26
[27-Apr-2016 16:42:39 UTC] PHP Stack trace:
[27-Apr-2016 16:42:39 UTC] PHP   1. {main}() D:\PhpstormProjects\Casper\clientside\execute.php:0
[27-Apr-2016 16:42:39 UTC] PHP   2. SubdomainScanClass->scan() D:\PhpstormProjects\Casper\clientside\execute.php:35
[27-Apr-2016 16:42:39 UTC] PHP   3. dns_get_record() D:\PhpstormProjects\Casper\clientside\subdomainScan.class.php:26
[27-Apr-2016 16:42:39 UTC] PHP Warning:  dns_get_record(): DNS Query failed in D:\PhpstormProjects\Casper\clientside\subdomainScan.class.php on line 26
[27-Apr-2016 16:42:39 UTC] PHP Stack trace:
[27-Apr-2016 16:42:39 UTC] PHP   1. {main}() D:\PhpstormProjects\Casper\clientside\execute.php:0
[27-Apr-2016 16:42:39 UTC] PHP   2. SubdomainScanClass->scan() D:\PhpstormProjects\Casper\clientside\execute.php:35
[27-Apr-2016 16:42:39 UTC] PHP   3. dns_get_record() D:\PhpstormProjects\Casper\clientside\subdomainScan.class.php:26
[27-Apr-2016 16:42:39 UTC] PHP Warning:  dns_get_record(): DNS Query failed in D:\PhpstormProjects\Casper\clientside\subdomainScan.class.php on line 26
[27-Apr-2016 16:42:39 UTC] PHP Stack trace:
[27-Apr-2016 16:42:39 UTC] PHP   1. {main}() D:\PhpstormProjects\Casper\clientside\execute.php:0
[27-Apr-2016 16:42:39 UTC] PHP   2. SubdomainScanClass->scan() D:\PhpstormProjects\Casper\clientside\execute.php:35
[27-Apr-2016 16:42:39 UTC] PHP   3. dns_get_record() D:\PhpstormProjects\Casper\clientside\subdomainScan.class.php:26
[27-Apr-2016 16:42:39 UTC] PHP Warning:  dns_get_record(): DNS Query failed in D:\PhpstormProjects\Casper\clientside\subdomainScan.class.php on line 26
[27-Apr-2016 16:42:39 UTC] PHP Stack trace:
[27-Apr-2016 16:42:39 UTC] PHP   1. {main}() D:\PhpstormProjects\Casper\clientside\execute.php:0
[27-Apr-2016 16:42:39 UTC] PHP   2. SubdomainScanClass->scan() D:\PhpstormProjects\Casper\clientside\execute.php:35
[27-Apr-2016 16:42:39 UTC] PHP   3. dns_get_record() D:\PhpstormProjects\Casper\clientside\subdomainScan.class.php:26
[27-Apr-2016 16:42:39 UTC] PHP Warning:  dns_get_record(): DNS Query failed in D:\PhpstormProjects\Casper\clientside\subdomainScan.class.php on line 26
[27-Apr-2016 16:42:39 UTC] PHP Stack trace:
[27-Apr-2016 16:42:39 UTC] PHP   1. {main}() D:\PhpstormProjects\Casper\clientside\execute.php:0
[27-Apr-2016 16:42:39 UTC] PHP   2. SubdomainScanClass->scan() D:\PhpstormProjects\Casper\clientside\execute.php:35
[27-Apr-2016 16:42:39 UTC] PHP   3. dns_get_record() D:\PhpstormProjects\Casper\clientside\subdomainScan.class.php:26
[27-Apr-2016 16:42:39 UTC] PHP Warning:  dns_get_record(): DNS Query failed in D:\PhpstormProjects\Casper\clientside\subdomainScan.class.php on line 26
[27-Apr-2016 16:42:39 UTC] PHP Stack trace:
[27-Apr-2016 16:42:39 UTC] PHP   1. {main}() D:\PhpstormProjects\Casper\clientside\execute.php:0
[27-Apr-2016 16:42:39 UTC] PHP   2. SubdomainScanClass->scan() D:\PhpstormProjects\Casper\clientside\execute.php:35
[27-Apr-2016 16:42:39 UTC] PHP   3. dns_get_record() D:\PhpstormProjects\Casper\clientside\subdomainScan.class.php:26
[27-Apr-2016 16:42:39 UTC] PHP Warning:  dns_get_record(): DNS Query failed in D:\PhpstormProjects\Casper\clientside\subdomainScan.class.php on line 26
[27-Apr-2016 16:42:39 UTC] PHP Stack trace:
[27-Apr-2016 16:42:39 UTC] PHP   1. {main}() D:\PhpstormProjects\Casper\clientside\execute.php:0
[27-Apr-2016 16:42:39 UTC] PHP   2. SubdomainScanClass->scan() D:\PhpstormProjects\Casper\clientside\execute.php:35
[27-Apr-2016 16:42:39 UTC] PHP   3. dns_get_record() D:\PhpstormProjects\Casper\clientside\subdomainScan.class.php:26
[27-Apr-2016 16:42:39 UTC] PHP Warning:  dns_get_record(): DNS Query failed in D:\PhpstormProjects\Casper\clientside\subdomainScan.class.php on line 26
[27-Apr-2016 16:42:39 UTC] PHP Stack trace:
[27-Apr-2016 16:42:39 UTC] PHP   1. {main}() D:\PhpstormProjects\Casper\clientside\execute.php:0
[27-Apr-2016 16:42:39 UTC] PHP   2. SubdomainScanClass->scan() D:\PhpstormProjects\Casper\clientside\execute.php:35
[27-Apr-2016 16:42:39 UTC] PHP   3. dns_get_record() D:\PhpstormProjects\Casper\clientside\subdomainScan.class.php:26
[27-Apr-2016 16:42:39 UTC] PHP Warning:  dns_get_record(): DNS Query failed in D:\PhpstormProjects\Casper\clientside\subdomainScan.class.php on line 26
[27-Apr-2016 16:42:39 UTC] PHP Stack trace:
[27-Apr-2016 16:42:39 UTC] PHP   1. {main}() D:\PhpstormProjects\Casper\clientside\execute.php:0
[27-Apr-2016 16:42:39 UTC] PHP   2. SubdomainScanClass->scan() D:\PhpstormProjects\Casper\clientside\execute.php:35
[27-Apr-2016 16:42:39 UTC] PHP   3. dns_get_record() D:\PhpstormProjects\Casper\clientside\subdomainScan.class.php:26
[27-Apr-2016 16:42:39 UTC] PHP Warning:  dns_get_record(): DNS Query failed in D:\PhpstormProjects\Casper\clientside\subdomainScan.class.php on line 26
[27-Apr-2016 16:42:39 UTC] PHP Stack trace:
[27-Apr-2016 16:42:39 UTC] PHP   1. {main}() D:\PhpstormProjects\Casper\clientside\execute.php:0
[27-Apr-2016 16:42:39 UTC] PHP   2. SubdomainScanClass->scan() D:\PhpstormProjects\Casper\clientside\execute.php:35
[27-Apr-2016 16:42:39 UTC] PHP   3. dns_get_record() D:\PhpstormProjects\Casper\clientside\subdomainScan.class.php:26
[27-Apr-2016 16:42:39 UTC] PHP Warning:  dns_get_record(): DNS Query failed in D:\PhpstormProjects\Casper\clientside\subdomainScan.class.php on line 26
[27-Apr-2016 16:42:39 UTC] PHP Stack trace:
[27-Apr-2016 16:42:39 UTC] PHP   1. {main}() D:\PhpstormProjects\Casper\clientside\execute.php:0
[27-Apr-2016 16:42:39 UTC] PHP   2. SubdomainScanClass->scan() D:\PhpstormProjects\Casper\clientside\execute.php:35
[27-Apr-2016 16:42:39 UTC] PHP   3. dns_get_record() D:\PhpstormProjects\Casper\clientside\subdomainScan.class.php:26
[27-Apr-2016 16:42:39 UTC] PHP Warning:  dns_get_record(): DNS Query failed in D:\PhpstormProjects\Casper\clientside\subdomainScan.class.php on line 26
[27-Apr-2016 16:42:39 UTC] PHP Stack trace:
[27-Apr-2016 16:42:39 UTC] PHP   1. {main}() D:\PhpstormProjects\Casper\clientside\execute.php:0
[27-Apr-2016 16:42:39 UTC] PHP   2. SubdomainScanClass->scan() D:\PhpstormProjects\Casper\clientside\execute.php:35
[27-Apr-2016 16:42:39 UTC] PHP   3. dns_get_record() D:\PhpstormProjects\Casper\clientside\subdomainScan.class.php:26
[27-Apr-2016 16:42:39 UTC] PHP Warning:  dns_get_record(): DNS Query failed in D:\PhpstormProjects\Casper\clientside\subdomainScan.class.php on line 26
[27-Apr-2016 16:42:39 UTC] PHP Stack trace:
[27-Apr-2016 16:42:39 UTC] PHP   1. {main}() D:\PhpstormProjects\Casper\clientside\execute.php:0
[27-Apr-2016 16:42:39 UTC] PHP   2. SubdomainScanClass->scan() D:\PhpstormProjects\Casper\clientside\execute.php:35
[27-Apr-2016 16:42:39 UTC] PHP   3. dns_get_record() D:\PhpstormProjects\Casper\clientside\subdomainScan.class.php:26
[27-Apr-2016 16:42:39 UTC] PHP Warning:  dns_get_record(): DNS Query failed in D:\PhpstormProjects\Casper\clientside\subdomainScan.class.php on line 26
[27-Apr-2016 16:42:39 UTC] PHP Stack trace:
[27-Apr-2016 16:42:39 UTC] PHP   1. {main}() D:\PhpstormProjects\Casper\clientside\execute.php:0
[27-Apr-2016 16:42:39 UTC] PHP   2. SubdomainScanClass->scan() D:\PhpstormProjects\Casper\clientside\execute.php:35
[27-Apr-2016 16:42:39 UTC] PHP   3. dns_get_record() D:\PhpstormProjects\Casper\clientside\subdomainScan.class.php:26
[27-Apr-2016 16:42:39 UTC] PHP Warning:  dns_get_record(): DNS Query failed in D:\PhpstormProjects\Casper\clientside\subdomainScan.class.php on line 26
[27-Apr-2016 16:42:39 UTC] PHP Stack trace:
[27-Apr-2016 16:42:39 UTC] PHP   1. {main}() D:\PhpstormProjects\Casper\clientside\execute.php:0
[27-Apr-2016 16:42:39 UTC] PHP   2. SubdomainScanClass->scan() D:\PhpstormProjects\Casper\clientside\execute.php:35
[27-Apr-2016 16:42:39 UTC] PHP   3. dns_get_record() D:\PhpstormProjects\Casper\clientside\subdomainScan.class.php:26
[27-Apr-2016 16:42:39 UTC] PHP Warning:  dns_get_record(): DNS Query failed in D:\PhpstormProjects\Casper\clientside\subdomainScan.class.php on line 26
[27-Apr-2016 16:42:39 UTC] PHP Stack trace:
[27-Apr-2016 16:42:39 UTC] PHP   1. {main}() D:\PhpstormProjects\Casper\clientside\execute.php:0
[27-Apr-2016 16:42:39 UTC] PHP   2. SubdomainScanClass->scan() D:\PhpstormProjects\Casper\clientside\execute.php:35
[27-Apr-2016 16:42:39 UTC] PHP   3. dns_get_record() D:\PhpstormProjects\Casper\clientside\subdomainScan.class.php:26
[27-Apr-2016 16:42:39 UTC] PHP Warning:  dns_get_record(): DNS Query failed in D:\PhpstormProjects\Casper\clientside\subdomainScan.class.php on line 26
[27-Apr-2016 16:42:39 UTC] PHP Stack trace:
[27-Apr-2016 16:42:39 UTC] PHP   1. {main}() D:\PhpstormProjects\Casper\clientside\execute.php:0
[27-Apr-2016 16:42:39 UTC] PHP   2. SubdomainScanClass->scan() D:\PhpstormProjects\Casper\clientside\execute.php:35
[27-Apr-2016 16:42:39 UTC] PHP   3. dns_get_record() D:\PhpstormProjects\Casper\clientside\subdomainScan.class.php:26
[27-Apr-2016 16:42:39 UTC] PHP Warning:  dns_get_record(): DNS Query failed in D:\PhpstormProjects\Casper\clientside\subdomainScan.class.php on line 26
[27-Apr-2016 16:42:39 UTC] PHP Stack trace:
[27-Apr-2016 16:42:39 UTC] PHP   1. {main}() D:\PhpstormProjects\Casper\clientside\execute.php:0
[27-Apr-2016 16:42:39 UTC] PHP   2. SubdomainScanClass->scan() D:\PhpstormProjects\Casper\clientside\execute.php:35
[27-Apr-2016 16:42:39 UTC] PHP   3. dns_get_record() D:\PhpstormProjects\Casper\clientside\subdomainScan.class.php:26
[27-Apr-2016 16:42:39 UTC] PHP Warning:  dns_get_record(): DNS Query failed in D:\PhpstormProjects\Casper\clientside\subdomainScan.class.php on line 26
[27-Apr-2016 16:42:39 UTC] PHP Stack trace:
[27-Apr-2016 16:42:39 UTC] PHP   1. {main}() D:\PhpstormProjects\Casper\clientside\execute.php:0
[27-Apr-2016 16:42:39 UTC] PHP   2. SubdomainScanClass->scan() D:\PhpstormProjects\Casper\clientside\execute.php:35
[27-Apr-2016 16:42:39 UTC] PHP   3. dns_get_record() D:\PhpstormProjects\Casper\clientside\subdomainScan.class.php:26
[27-Apr-2016 16:42:39 UTC] PHP Warning:  dns_get_record(): DNS Query failed in D:\PhpstormProjects\Casper\clientside\subdomainScan.class.php on line 26
[27-Apr-2016 16:42:39 UTC] PHP Stack trace:
[27-Apr-2016 16:42:39 UTC] PHP   1. {main}() D:\PhpstormProjects\Casper\clientside\execute.php:0
[27-Apr-2016 16:42:39 UTC] PHP   2. SubdomainScanClass->scan() D:\PhpstormProjects\Casper\clientside\execute.php:35
[27-Apr-2016 16:42:39 UTC] PHP   3. dns_get_record() D:\PhpstormProjects\Casper\clientside\subdomainScan.class.php:26
[27-Apr-2016 16:42:39 UTC] PHP Warning:  dns_get_record(): DNS Query failed in D:\PhpstormProjects\Casper\clientside\subdomainScan.class.php on line 26
[27-Apr-2016 16:42:39 UTC] PHP Stack trace:
[27-Apr-2016 16:42:39 UTC] PHP   1. {main}() D:\PhpstormProjects\Casper\clientside\execute.php:0
[27-Apr-2016 16:42:39 UTC] PHP   2. SubdomainScanClass->scan() D:\PhpstormProjects\Casper\clientside\execute.php:35
[27-Apr-2016 16:42:39 UTC] PHP   3. dns_get_record() D:\PhpstormProjects\Casper\clientside\subdomainScan.class.php:26
[27-Apr-2016 16:42:39 UTC] PHP Warning:  dns_get_record(): DNS Query failed in D:\PhpstormProjects\Casper\clientside\subdomainScan.class.php on line 26
[27-Apr-2016 16:42:39 UTC] PHP Stack trace:
[27-Apr-2016 16:42:39 UTC] PHP   1. {main}() D:\PhpstormProjects\Casper\clientside\execute.php:0
[27-Apr-2016 16:42:39 UTC] PHP   2. SubdomainScanClass->scan() D:\PhpstormProjects\Casper\clientside\execute.php:35
[27-Apr-2016 16:42:39 UTC] PHP   3. dns_get_record() D:\PhpstormProjects\Casper\clientside\subdomainScan.class.php:26
[27-Apr-2016 16:42:39 UTC] PHP Warning:  dns_get_record(): DNS Query failed in D:\PhpstormProjects\Casper\clientside\subdomainScan.class.php on line 26
[27-Apr-2016 16:42:39 UTC] PHP Stack trace:
[27-Apr-2016 16:42:39 UTC] PHP   1. {main}() D:\PhpstormProjects\Casper\clientside\execute.php:0
[27-Apr-2016 16:42:39 UTC] PHP   2. SubdomainScanClass->scan() D:\PhpstormProjects\Casper\clientside\execute.php:35
[27-Apr-2016 16:42:39 UTC] PHP   3. dns_get_record() D:\PhpstormProjects\Casper\clientside\subdomainScan.class.php:26
[27-Apr-2016 16:42:39 UTC] PHP Warning:  dns_get_record(): DNS Query failed in D:\PhpstormProjects\Casper\clientside\subdomainScan.class.php on line 26
[27-Apr-2016 16:42:39 UTC] PHP Stack trace:
[27-Apr-2016 16:42:39 UTC] PHP   1. {main}() D:\PhpstormProjects\Casper\clientside\execute.php:0
[27-Apr-2016 16:42:39 UTC] PHP   2. SubdomainScanClass->scan() D:\PhpstormProjects\Casper\clientside\execute.php:35
[27-Apr-2016 16:42:39 UTC] PHP   3. dns_get_record() D:\PhpstormProjects\Casper\clientside\subdomainScan.class.php:26
[27-Apr-2016 16:42:39 UTC] PHP Warning:  dns_get_record(): DNS Query failed in D:\PhpstormProjects\Casper\clientside\subdomainScan.class.php on line 26
[27-Apr-2016 16:42:39 UTC] PHP Stack trace:
[27-Apr-2016 16:42:39 UTC] PHP   1. {main}() D:\PhpstormProjects\Casper\clientside\execute.php:0
[27-Apr-2016 16:42:39 UTC] PHP   2. SubdomainScanClass->scan() D:\PhpstormProjects\Casper\clientside\execute.php:35
[27-Apr-2016 16:42:39 UTC] PHP   3. dns_get_record() D:\PhpstormProjects\Casper\clientside\subdomainScan.class.php:26
[27-Apr-2016 16:42:39 UTC] PHP Warning:  dns_get_record(): DNS Query failed in D:\PhpstormProjects\Casper\clientside\subdomainScan.class.php on line 26
[27-Apr-2016 16:42:39 UTC] PHP Stack trace:
[27-Apr-2016 16:42:39 UTC] PHP   1. {main}() D:\PhpstormProjects\Casper\clientside\execute.php:0
[27-Apr-2016 16:42:39 UTC] PHP   2. SubdomainScanClass->scan() D:\PhpstormProjects\Casper\clientside\execute.php:35
[27-Apr-2016 16:42:39 UTC] PHP   3. dns_get_record() D:\PhpstormProjects\Casper\clientside\subdomainScan.class.php:26
[27-Apr-2016 16:42:39 UTC] PHP Warning:  dns_get_record(): DNS Query failed in D:\PhpstormProjects\Casper\clientside\subdomainScan.class.php on line 26
[27-Apr-2016 16:42:39 UTC] PHP Stack trace:
[27-Apr-2016 16:42:39 UTC] PHP   1. {main}() D:\PhpstormProjects\Casper\clientside\execute.php:0
[27-Apr-2016 16:42:39 UTC] PHP   2. SubdomainScanClass->scan() D:\PhpstormProjects\Casper\clientside\execute.php:35
[27-Apr-2016 16:42:39 UTC] PHP   3. dns_get_record() D:\PhpstormProjects\Casper\clientside\subdomainScan.class.php:26
[27-Apr-2016 16:42:39 UTC] PHP Warning:  dns_get_record(): DNS Query failed in D:\PhpstormProjects\Casper\clientside\subdomainScan.class.php on line 26
[27-Apr-2016 16:42:39 UTC] PHP Stack trace:
[27-Apr-2016 16:42:39 UTC] PHP   1. {main}() D:\PhpstormProjects\Casper\clientside\execute.php:0
[27-Apr-2016 16:42:39 UTC] PHP   2. SubdomainScanClass->scan() D:\PhpstormProjects\Casper\clientside\execute.php:35
[27-Apr-2016 16:42:39 UTC] PHP   3. dns_get_record() D:\PhpstormProjects\Casper\clientside\subdomainScan.class.php:26
[27-Apr-2016 16:42:39 UTC] PHP Warning:  dns_get_record(): DNS Query failed in D:\PhpstormProjects\Casper\clientside\subdomainScan.class.php on line 26
[27-Apr-2016 16:42:39 UTC] PHP Stack trace:
[27-Apr-2016 16:42:39 UTC] PHP   1. {main}() D:\PhpstormProjects\Casper\clientside\execute.php:0
[27-Apr-2016 16:42:39 UTC] PHP   2. SubdomainScanClass->scan() D:\PhpstormProjects\Casper\clientside\execute.php:35
[27-Apr-2016 16:42:39 UTC] PHP   3. dns_get_record() D:\PhpstormProjects\Casper\clientside\subdomainScan.class.php:26
[27-Apr-2016 16:42:39 UTC] PHP Warning:  dns_get_record(): DNS Query failed in D:\PhpstormProjects\Casper\clientside\subdomainScan.class.php on line 26
[27-Apr-2016 16:42:39 UTC] PHP Stack trace:
[27-Apr-2016 16:42:39 UTC] PHP   1. {main}() D:\PhpstormProjects\Casper\clientside\execute.php:0
[27-Apr-2016 16:42:39 UTC] PHP   2. SubdomainScanClass->scan() D:\PhpstormProjects\Casper\clientside\execute.php:35
[27-Apr-2016 16:42:39 UTC] PHP   3. dns_get_record() D:\PhpstormProjects\Casper\clientside\subdomainScan.class.php:26
[27-Apr-2016 16:42:39 UTC] PHP Warning:  dns_get_record(): DNS Query failed in D:\PhpstormProjects\Casper\clientside\subdomainScan.class.php on line 26
[27-Apr-2016 16:42:39 UTC] PHP Stack trace:
[27-Apr-2016 16:42:39 UTC] PHP   1. {main}() D:\PhpstormProjects\Casper\clientside\execute.php:0
[27-Apr-2016 16:42:39 UTC] PHP   2. SubdomainScanClass->scan() D:\PhpstormProjects\Casper\clientside\execute.php:35
[27-Apr-2016 16:42:39 UTC] PHP   3. dns_get_record() D:\PhpstormProjects\Casper\clientside\subdomainScan.class.php:26
[27-Apr-2016 16:42:39 UTC] PHP Warning:  dns_get_record(): DNS Query failed in D:\PhpstormProjects\Casper\clientside\subdomainScan.class.php on line 26
[27-Apr-2016 16:42:39 UTC] PHP Stack trace:
[27-Apr-2016 16:42:39 UTC] PHP   1. {main}() D:\PhpstormProjects\Casper\clientside\execute.php:0
[27-Apr-2016 16:42:39 UTC] PHP   2. SubdomainScanClass->scan() D:\PhpstormProjects\Casper\clientside\execute.php:35
[27-Apr-2016 16:42:39 UTC] PHP   3. dns_get_record() D:\PhpstormProjects\Casper\clientside\subdomainScan.class.php:26
[27-Apr-2016 16:42:39 UTC] PHP Warning:  dns_get_record(): DNS Query failed in D:\PhpstormProjects\Casper\clientside\subdomainScan.class.php on line 26
[27-Apr-2016 16:42:39 UTC] PHP Stack trace:
[27-Apr-2016 16:42:39 UTC] PHP   1. {main}() D:\PhpstormProjects\Casper\clientside\execute.php:0
[27-Apr-2016 16:42:39 UTC] PHP   2. SubdomainScanClass->scan() D:\PhpstormProjects\Casper\clientside\execute.php:35
[27-Apr-2016 16:42:39 UTC] PHP   3. dns_get_record() D:\PhpstormProjects\Casper\clientside\subdomainScan.class.php:26
[27-Apr-2016 16:42:39 UTC] PHP Warning:  dns_get_record(): DNS Query failed in D:\PhpstormProjects\Casper\clientside\subdomainScan.class.php on line 26
[27-Apr-2016 16:42:39 UTC] PHP Stack trace:
[27-Apr-2016 16:42:39 UTC] PHP   1. {main}() D:\PhpstormProjects\Casper\clientside\execute.php:0
[27-Apr-2016 16:42:39 UTC] PHP   2. SubdomainScanClass->scan() D:\PhpstormProjects\Casper\clientside\execute.php:35
[27-Apr-2016 16:42:39 UTC] PHP   3. dns_get_record() D:\PhpstormProjects\Casper\clientside\subdomainScan.class.php:26
[27-Apr-2016 16:42:39 UTC] PHP Warning:  dns_get_record(): DNS Query failed in D:\PhpstormProjects\Casper\clientside\subdomainScan.class.php on line 26
[27-Apr-2016 16:42:39 UTC] PHP Stack trace:
[27-Apr-2016 16:42:39 UTC] PHP   1. {main}() D:\PhpstormProjects\Casper\clientside\execute.php:0
[27-Apr-2016 16:42:39 UTC] PHP   2. SubdomainScanClass->scan() D:\PhpstormProjects\Casper\clientside\execute.php:35
[27-Apr-2016 16:42:39 UTC] PHP   3. dns_get_record() D:\PhpstormProjects\Casper\clientside\subdomainScan.class.php:26
[27-Apr-2016 16:42:39 UTC] PHP Warning:  dns_get_record(): DNS Query failed in D:\PhpstormProjects\Casper\clientside\subdomainScan.class.php on line 26
[27-Apr-2016 16:42:39 UTC] PHP Stack trace:
[27-Apr-2016 16:42:39 UTC] PHP   1. {main}() D:\PhpstormProjects\Casper\clientside\execute.php:0
[27-Apr-2016 16:42:39 UTC] PHP   2. SubdomainScanClass->scan() D:\PhpstormProjects\Casper\clientside\execute.php:35
[27-Apr-2016 16:42:39 UTC] PHP   3. dns_get_record() D:\PhpstormProjects\Casper\clientside\subdomainScan.class.php:26
[27-Apr-2016 16:42:39 UTC] PHP Warning:  dns_get_record(): DNS Query failed in D:\PhpstormProjects\Casper\clientside\subdomainScan.class.php on line 26
[27-Apr-2016 16:42:39 UTC] PHP Stack trace:
[27-Apr-2016 16:42:39 UTC] PHP   1. {main}() D:\PhpstormProjects\Casper\clientside\execute.php:0
[27-Apr-2016 16:42:39 UTC] PHP   2. SubdomainScanClass->scan() D:\PhpstormProjects\Casper\clientside\execute.php:35
[27-Apr-2016 16:42:39 UTC] PHP   3. dns_get_record() D:\PhpstormProjects\Casper\clientside\subdomainScan.class.php:26
[27-Apr-2016 16:42:39 UTC] PHP Warning:  dns_get_record(): DNS Query failed in D:\PhpstormProjects\Casper\clientside\subdomainScan.class.php on line 26
[27-Apr-2016 16:42:39 UTC] PHP Stack trace:
[27-Apr-2016 16:42:39 UTC] PHP   1. {main}() D:\PhpstormProjects\Casper\clientside\execute.php:0
[27-Apr-2016 16:42:39 UTC] PHP   2. SubdomainScanClass->scan() D:\PhpstormProjects\Casper\clientside\execute.php:35
[27-Apr-2016 16:42:39 UTC] PHP   3. dns_get_record() D:\PhpstormProjects\Casper\clientside\subdomainScan.class.php:26
[27-Apr-2016 16:42:39 UTC] PHP Warning:  dns_get_record(): DNS Query failed in D:\PhpstormProjects\Casper\clientside\subdomainScan.class.php on line 26
[27-Apr-2016 16:42:39 UTC] PHP Stack trace:
[27-Apr-2016 16:42:39 UTC] PHP   1. {main}() D:\PhpstormProjects\Casper\clientside\execute.php:0
[27-Apr-2016 16:42:39 UTC] PHP   2. SubdomainScanClass->scan() D:\PhpstormProjects\Casper\clientside\execute.php:35
[27-Apr-2016 16:42:39 UTC] PHP   3. dns_get_record() D:\PhpstormProjects\Casper\clientside\subdomainScan.class.php:26
[27-Apr-2016 16:42:39 UTC] PHP Warning:  dns_get_record(): DNS Query failed in D:\PhpstormProjects\Casper\clientside\subdomainScan.class.php on line 26
[27-Apr-2016 16:42:39 UTC] PHP Stack trace:
[27-Apr-2016 16:42:39 UTC] PHP   1. {main}() D:\PhpstormProjects\Casper\clientside\execute.php:0
[27-Apr-2016 16:42:39 UTC] PHP   2. SubdomainScanClass->scan() D:\PhpstormProjects\Casper\clientside\execute.php:35
[27-Apr-2016 16:42:39 UTC] PHP   3. dns_get_record() D:\PhpstormProjects\Casper\clientside\subdomainScan.class.php:26
[27-Apr-2016 16:42:39 UTC] PHP Warning:  dns_get_record(): DNS Query failed in D:\PhpstormProjects\Casper\clientside\subdomainScan.class.php on line 26
[27-Apr-2016 16:42:39 UTC] PHP Stack trace:
[27-Apr-2016 16:42:39 UTC] PHP   1. {main}() D:\PhpstormProjects\Casper\clientside\execute.php:0
[27-Apr-2016 16:42:39 UTC] PHP   2. SubdomainScanClass->scan() D:\PhpstormProjects\Casper\clientside\execute.php:35
[27-Apr-2016 16:42:39 UTC] PHP   3. dns_get_record() D:\PhpstormProjects\Casper\clientside\subdomainScan.class.php:26
[27-Apr-2016 16:42:39 UTC] PHP Warning:  dns_get_record(): DNS Query failed in D:\PhpstormProjects\Casper\clientside\subdomainScan.class.php on line 26
[27-Apr-2016 16:42:39 UTC] PHP Stack trace:
[27-Apr-2016 16:42:39 UTC] PHP   1. {main}() D:\PhpstormProjects\Casper\clientside\execute.php:0
[27-Apr-2016 16:42:39 UTC] PHP   2. SubdomainScanClass->scan() D:\PhpstormProjects\Casper\clientside\execute.php:35
[27-Apr-2016 16:42:39 UTC] PHP   3. dns_get_record() D:\PhpstormProjects\Casper\clientside\subdomainScan.class.php:26
[27-Apr-2016 16:42:39 UTC] PHP Warning:  dns_get_record(): DNS Query failed in D:\PhpstormProjects\Casper\clientside\subdomainScan.class.php on line 26
[27-Apr-2016 16:42:39 UTC] PHP Stack trace:
[27-Apr-2016 16:42:39 UTC] PHP   1. {main}() D:\PhpstormProjects\Casper\clientside\execute.php:0
[27-Apr-2016 16:42:39 UTC] PHP   2. SubdomainScanClass->scan() D:\PhpstormProjects\Casper\clientside\execute.php:35
[27-Apr-2016 16:42:39 UTC] PHP   3. dns_get_record() D:\PhpstormProjects\Casper\clientside\subdomainScan.class.php:26
[27-Apr-2016 16:42:39 UTC] PHP Warning:  dns_get_record(): DNS Query failed in D:\PhpstormProjects\Casper\clientside\subdomainScan.class.php on line 26
[27-Apr-2016 16:42:39 UTC] PHP Stack trace:
[27-Apr-2016 16:42:39 UTC] PHP   1. {main}() D:\PhpstormProjects\Casper\clientside\execute.php:0
[27-Apr-2016 16:42:39 UTC] PHP   2. SubdomainScanClass->scan() D:\PhpstormProjects\Casper\clientside\execute.php:35
[27-Apr-2016 16:42:39 UTC] PHP   3. dns_get_record() D:\PhpstormProjects\Casper\clientside\subdomainScan.class.php:26
[27-Apr-2016 16:42:39 UTC] PHP Warning:  dns_get_record(): DNS Query failed in D:\PhpstormProjects\Casper\clientside\subdomainScan.class.php on line 26
[27-Apr-2016 16:42:39 UTC] PHP Stack trace:
[27-Apr-2016 16:42:39 UTC] PHP   1. {main}() D:\PhpstormProjects\Casper\clientside\execute.php:0
[27-Apr-2016 16:42:39 UTC] PHP   2. SubdomainScanClass->scan() D:\PhpstormProjects\Casper\clientside\execute.php:35
[27-Apr-2016 16:42:39 UTC] PHP   3. dns_get_record() D:\PhpstormProjects\Casper\clientside\subdomainScan.class.php:26
[27-Apr-2016 16:42:39 UTC] PHP Warning:  dns_get_record(): DNS Query failed in D:\PhpstormProjects\Casper\clientside\subdomainScan.class.php on line 26
[27-Apr-2016 16:42:39 UTC] PHP Stack trace:
[27-Apr-2016 16:42:39 UTC] PHP   1. {main}() D:\PhpstormProjects\Casper\clientside\execute.php:0
[27-Apr-2016 16:42:39 UTC] PHP   2. SubdomainScanClass->scan() D:\PhpstormProjects\Casper\clientside\execute.php:35
[27-Apr-2016 16:42:39 UTC] PHP   3. dns_get_record() D:\PhpstormProjects\Casper\clientside\subdomainScan.class.php:26
[27-Apr-2016 16:42:39 UTC] PHP Warning:  dns_get_record(): DNS Query failed in D:\PhpstormProjects\Casper\clientside\subdomainScan.class.php on line 26
[27-Apr-2016 16:42:39 UTC] PHP Stack trace:
[27-Apr-2016 16:42:39 UTC] PHP   1. {main}() D:\PhpstormProjects\Casper\clientside\execute.php:0
[27-Apr-2016 16:42:39 UTC] PHP   2. SubdomainScanClass->scan() D:\PhpstormProjects\Casper\clientside\execute.php:35
[27-Apr-2016 16:42:39 UTC] PHP   3. dns_get_record() D:\PhpstormProjects\Casper\clientside\subdomainScan.class.php:26
[27-Apr-2016 16:42:39 UTC] PHP Warning:  dns_get_record(): DNS Query failed in D:\PhpstormProjects\Casper\clientside\subdomainScan.class.php on line 26
[27-Apr-2016 16:42:39 UTC] PHP Stack trace:
[27-Apr-2016 16:42:39 UTC] PHP   1. {main}() D:\PhpstormProjects\Casper\clientside\execute.php:0
[27-Apr-2016 16:42:39 UTC] PHP   2. SubdomainScanClass->scan() D:\PhpstormProjects\Casper\clientside\execute.php:35
[27-Apr-2016 16:42:39 UTC] PHP   3. dns_get_record() D:\PhpstormProjects\Casper\clientside\subdomainScan.class.php:26
[27-Apr-2016 16:42:39 UTC] PHP Warning:  dns_get_record(): DNS Query failed in D:\PhpstormProjects\Casper\clientside\subdomainScan.class.php on line 26
[27-Apr-2016 16:42:39 UTC] PHP Stack trace:
[27-Apr-2016 16:42:39 UTC] PHP   1. {main}() D:\PhpstormProjects\Casper\clientside\execute.php:0
[27-Apr-2016 16:42:39 UTC] PHP   2. SubdomainScanClass->scan() D:\PhpstormProjects\Casper\clientside\execute.php:35
[27-Apr-2016 16:42:39 UTC] PHP   3. dns_get_record() D:\PhpstormProjects\Casper\clientside\subdomainScan.class.php:26
[27-Apr-2016 16:42:39 UTC] PHP Warning:  dns_get_record(): DNS Query failed in D:\PhpstormProjects\Casper\clientside\subdomainScan.class.php on line 26
[27-Apr-2016 16:42:39 UTC] PHP Stack trace:
[27-Apr-2016 16:42:39 UTC] PHP   1. {main}() D:\PhpstormProjects\Casper\clientside\execute.php:0
[27-Apr-2016 16:42:39 UTC] PHP   2. SubdomainScanClass->scan() D:\PhpstormProjects\Casper\clientside\execute.php:35
[27-Apr-2016 16:42:39 UTC] PHP   3. dns_get_record() D:\PhpstormProjects\Casper\clientside\subdomainScan.class.php:26
[27-Apr-2016 16:42:39 UTC] PHP Warning:  dns_get_record(): DNS Query failed in D:\PhpstormProjects\Casper\clientside\subdomainScan.class.php on line 26
[27-Apr-2016 16:42:39 UTC] PHP Stack trace:
[27-Apr-2016 16:42:39 UTC] PHP   1. {main}() D:\PhpstormProjects\Casper\clientside\execute.php:0
[27-Apr-2016 16:42:39 UTC] PHP   2. SubdomainScanClass->scan() D:\PhpstormProjects\Casper\clientside\execute.php:35
[27-Apr-2016 16:42:39 UTC] PHP   3. dns_get_record() D:\PhpstormProjects\Casper\clientside\subdomainScan.class.php:26
[27-Apr-2016 16:42:39 UTC] PHP Warning:  dns_get_record(): DNS Query failed in D:\PhpstormProjects\Casper\clientside\subdomainScan.class.php on line 26
[27-Apr-2016 16:42:39 UTC] PHP Stack trace:
[27-Apr-2016 16:42:39 UTC] PHP   1. {main}() D:\PhpstormProjects\Casper\clientside\execute.php:0
[27-Apr-2016 16:42:39 UTC] PHP   2. SubdomainScanClass->scan() D:\PhpstormProjects\Casper\clientside\execute.php:35
[27-Apr-2016 16:42:39 UTC] PHP   3. dns_get_record() D:\PhpstormProjects\Casper\clientside\subdomainScan.class.php:26
[27-Apr-2016 16:42:39 UTC] PHP Warning:  dns_get_record(): DNS Query failed in D:\PhpstormProjects\Casper\clientside\subdomainScan.class.php on line 26
[27-Apr-2016 16:42:39 UTC] PHP Stack trace:
[27-Apr-2016 16:42:39 UTC] PHP   1. {main}() D:\PhpstormProjects\Casper\clientside\execute.php:0
[27-Apr-2016 16:42:39 UTC] PHP   2. SubdomainScanClass->scan() D:\PhpstormProjects\Casper\clientside\execute.php:35
[27-Apr-2016 16:42:39 UTC] PHP   3. dns_get_record() D:\PhpstormProjects\Casper\clientside\subdomainScan.class.php:26
[27-Apr-2016 16:42:39 UTC] PHP Warning:  dns_get_record(): DNS Query failed in D:\PhpstormProjects\Casper\clientside\subdomainScan.class.php on line 26
[27-Apr-2016 16:42:39 UTC] PHP Stack trace:
[27-Apr-2016 16:42:39 UTC] PHP   1. {main}() D:\PhpstormProjects\Casper\clientside\execute.php:0
[27-Apr-2016 16:42:39 UTC] PHP   2. SubdomainScanClass->scan() D:\PhpstormProjects\Casper\clientside\execute.php:35
[27-Apr-2016 16:42:39 UTC] PHP   3. dns_get_record() D:\PhpstormProjects\Casper\clientside\subdomainScan.class.php:26
[27-Apr-2016 16:42:39 UTC] PHP Warning:  dns_get_record(): DNS Query failed in D:\PhpstormProjects\Casper\clientside\subdomainScan.class.php on line 26
[27-Apr-2016 16:42:39 UTC] PHP Stack trace:
[27-Apr-2016 16:42:39 UTC] PHP   1. {main}() D:\PhpstormProjects\Casper\clientside\execute.php:0
[27-Apr-2016 16:42:39 UTC] PHP   2. SubdomainScanClass->scan() D:\PhpstormProjects\Casper\clientside\execute.php:35
[27-Apr-2016 16:42:39 UTC] PHP   3. dns_get_record() D:\PhpstormProjects\Casper\clientside\subdomainScan.class.php:26
[27-Apr-2016 16:42:39 UTC] PHP Warning:  dns_get_record(): DNS Query failed in D:\PhpstormProjects\Casper\clientside\subdomainScan.class.php on line 26
[27-Apr-2016 16:42:39 UTC] PHP Stack trace:
[27-Apr-2016 16:42:39 UTC] PHP   1. {main}() D:\PhpstormProjects\Casper\clientside\execute.php:0
[27-Apr-2016 16:42:39 UTC] PHP   2. SubdomainScanClass->scan() D:\PhpstormProjects\Casper\clientside\execute.php:35
[27-Apr-2016 16:42:39 UTC] PHP   3. dns_get_record() D:\PhpstormProjects\Casper\clientside\subdomainScan.class.php:26
[27-Apr-2016 16:42:39 UTC] PHP Warning:  dns_get_record(): DNS Query failed in D:\PhpstormProjects\Casper\clientside\subdomainScan.class.php on line 26
[27-Apr-2016 16:42:39 UTC] PHP Stack trace:
[27-Apr-2016 16:42:39 UTC] PHP   1. {main}() D:\PhpstormProjects\Casper\clientside\execute.php:0
[27-Apr-2016 16:42:39 UTC] PHP   2. SubdomainScanClass->scan() D:\PhpstormProjects\Casper\clientside\execute.php:35
[27-Apr-2016 16:42:39 UTC] PHP   3. dns_get_record() D:\PhpstormProjects\Casper\clientside\subdomainScan.class.php:26
[27-Apr-2016 16:42:39 UTC] PHP Warning:  dns_get_record(): DNS Query failed in D:\PhpstormProjects\Casper\clientside\subdomainScan.class.php on line 26
[27-Apr-2016 16:42:39 UTC] PHP Stack trace:
[27-Apr-2016 16:42:39 UTC] PHP   1. {main}() D:\PhpstormProjects\Casper\clientside\execute.php:0
[27-Apr-2016 16:42:39 UTC] PHP   2. SubdomainScanClass->scan() D:\PhpstormProjects\Casper\clientside\execute.php:35
[27-Apr-2016 16:42:39 UTC] PHP   3. dns_get_record() D:\PhpstormProjects\Casper\clientside\subdomainScan.class.php:26
[27-Apr-2016 16:42:39 UTC] PHP Warning:  dns_get_record(): DNS Query failed in D:\PhpstormProjects\Casper\clientside\subdomainScan.class.php on line 26
[27-Apr-2016 16:42:39 UTC] PHP Stack trace:
[27-Apr-2016 16:42:39 UTC] PHP   1. {main}() D:\PhpstormProjects\Casper\clientside\execute.php:0
[27-Apr-2016 16:42:39 UTC] PHP   2. SubdomainScanClass->scan() D:\PhpstormProjects\Casper\clientside\execute.php:35
[27-Apr-2016 16:42:39 UTC] PHP   3. dns_get_record() D:\PhpstormProjects\Casper\clientside\subdomainScan.class.php:26
[27-Apr-2016 16:42:39 UTC] PHP Warning:  dns_get_record(): DNS Query failed in D:\PhpstormProjects\Casper\clientside\subdomainScan.class.php on line 26
[27-Apr-2016 16:42:39 UTC] PHP Stack trace:
[27-Apr-2016 16:42:39 UTC] PHP   1. {main}() D:\PhpstormProjects\Casper\clientside\execute.php:0
[27-Apr-2016 16:42:39 UTC] PHP   2. SubdomainScanClass->scan() D:\PhpstormProjects\Casper\clientside\execute.php:35
[27-Apr-2016 16:42:39 UTC] PHP   3. dns_get_record() D:\PhpstormProjects\Casper\clientside\subdomainScan.class.php:26
[27-Apr-2016 16:42:39 UTC] PHP Warning:  dns_get_record(): DNS Query failed in D:\PhpstormProjects\Casper\clientside\subdomainScan.class.php on line 26
[27-Apr-2016 16:42:39 UTC] PHP Stack trace:
[27-Apr-2016 16:42:39 UTC] PHP   1. {main}() D:\PhpstormProjects\Casper\clientside\execute.php:0
[27-Apr-2016 16:42:39 UTC] PHP   2. SubdomainScanClass->scan() D:\PhpstormProjects\Casper\clientside\execute.php:35
[27-Apr-2016 16:42:39 UTC] PHP   3. dns_get_record() D:\PhpstormProjects\Casper\clientside\subdomainScan.class.php:26
[27-Apr-2016 16:42:39 UTC] PHP Warning:  dns_get_record(): DNS Query failed in D:\PhpstormProjects\Casper\clientside\subdomainScan.class.php on line 26
[27-Apr-2016 16:42:39 UTC] PHP Stack trace:
[27-Apr-2016 16:42:39 UTC] PHP   1. {main}() D:\PhpstormProjects\Casper\clientside\execute.php:0
[27-Apr-2016 16:42:39 UTC] PHP   2. SubdomainScanClass->scan() D:\PhpstormProjects\Casper\clientside\execute.php:35
[27-Apr-2016 16:42:39 UTC] PHP   3. dns_get_record() D:\PhpstormProjects\Casper\clientside\subdomainScan.class.php:26
[27-Apr-2016 16:42:39 UTC] PHP Warning:  dns_get_record(): DNS Query failed in D:\PhpstormProjects\Casper\clientside\subdomainScan.class.php on line 26
[27-Apr-2016 16:42:39 UTC] PHP Stack trace:
[27-Apr-2016 16:42:39 UTC] PHP   1. {main}() D:\PhpstormProjects\Casper\clientside\execute.php:0
[27-Apr-2016 16:42:39 UTC] PHP   2. SubdomainScanClass->scan() D:\PhpstormProjects\Casper\clientside\execute.php:35
[27-Apr-2016 16:42:39 UTC] PHP   3. dns_get_record() D:\PhpstormProjects\Casper\clientside\subdomainScan.class.php:26
[27-Apr-2016 16:42:39 UTC] PHP Warning:  dns_get_record(): DNS Query failed in D:\PhpstormProjects\Casper\clientside\subdomainScan.class.php on line 26
[27-Apr-2016 16:42:39 UTC] PHP Stack trace:
[27-Apr-2016 16:42:39 UTC] PHP   1. {main}() D:\PhpstormProjects\Casper\clientside\execute.php:0
[27-Apr-2016 16:42:39 UTC] PHP   2. SubdomainScanClass->scan() D:\PhpstormProjects\Casper\clientside\execute.php:35
[27-Apr-2016 16:42:39 UTC] PHP   3. dns_get_record() D:\PhpstormProjects\Casper\clientside\subdomainScan.class.php:26
[27-Apr-2016 16:42:39 UTC] PHP Warning:  dns_get_record(): DNS Query failed in D:\PhpstormProjects\Casper\clientside\subdomainScan.class.php on line 26
[27-Apr-2016 16:42:39 UTC] PHP Stack trace:
[27-Apr-2016 16:42:39 UTC] PHP   1. {main}() D:\PhpstormProjects\Casper\clientside\execute.php:0
[27-Apr-2016 16:42:39 UTC] PHP   2. SubdomainScanClass->scan() D:\PhpstormProjects\Casper\clientside\execute.php:35
[27-Apr-2016 16:42:39 UTC] PHP   3. dns_get_record() D:\PhpstormProjects\Casper\clientside\subdomainScan.class.php:26
[27-Apr-2016 16:42:39 UTC] PHP Warning:  dns_get_record(): DNS Query failed in D:\PhpstormProjects\Casper\clientside\subdomainScan.class.php on line 26
[27-Apr-2016 16:42:39 UTC] PHP Stack trace:
[27-Apr-2016 16:42:39 UTC] PHP   1. {main}() D:\PhpstormProjects\Casper\clientside\execute.php:0
[27-Apr-2016 16:42:39 UTC] PHP   2. SubdomainScanClass->scan() D:\PhpstormProjects\Casper\clientside\execute.php:35
[27-Apr-2016 16:42:39 UTC] PHP   3. dns_get_record() D:\PhpstormProjects\Casper\clientside\subdomainScan.class.php:26
[27-Apr-2016 16:42:39 UTC] PHP Warning:  dns_get_record(): DNS Query failed in D:\PhpstormProjects\Casper\clientside\subdomainScan.class.php on line 26
[27-Apr-2016 16:42:39 UTC] PHP Stack trace:
[27-Apr-2016 16:42:39 UTC] PHP   1. {main}() D:\PhpstormProjects\Casper\clientside\execute.php:0
[27-Apr-2016 16:42:39 UTC] PHP   2. SubdomainScanClass->scan() D:\PhpstormProjects\Casper\clientside\execute.php:35
[27-Apr-2016 16:42:39 UTC] PHP   3. dns_get_record() D:\PhpstormProjects\Casper\clientside\subdomainScan.class.php:26
[27-Apr-2016 16:42:39 UTC] PHP Warning:  dns_get_record(): DNS Query failed in D:\PhpstormProjects\Casper\clientside\subdomainScan.class.php on line 26
[27-Apr-2016 16:42:39 UTC] PHP Stack trace:
[27-Apr-2016 16:42:39 UTC] PHP   1. {main}() D:\PhpstormProjects\Casper\clientside\execute.php:0
[27-Apr-2016 16:42:39 UTC] PHP   2. SubdomainScanClass->scan() D:\PhpstormProjects\Casper\clientside\execute.php:35
[27-Apr-2016 16:42:39 UTC] PHP   3. dns_get_record() D:\PhpstormProjects\Casper\clientside\subdomainScan.class.php:26
[27-Apr-2016 16:42:39 UTC] PHP Warning:  dns_get_record(): DNS Query failed in D:\PhpstormProjects\Casper\clientside\subdomainScan.class.php on line 26
[27-Apr-2016 16:42:39 UTC] PHP Stack trace:
[27-Apr-2016 16:42:39 UTC] PHP   1. {main}() D:\PhpstormProjects\Casper\clientside\execute.php:0
[27-Apr-2016 16:42:39 UTC] PHP   2. SubdomainScanClass->scan() D:\PhpstormProjects\Casper\clientside\execute.php:35
[27-Apr-2016 16:42:39 UTC] PHP   3. dns_get_record() D:\PhpstormProjects\Casper\clientside\subdomainScan.class.php:26
[27-Apr-2016 16:42:39 UTC] PHP Warning:  dns_get_record(): DNS Query failed in D:\PhpstormProjects\Casper\clientside\subdomainScan.class.php on line 26
[27-Apr-2016 16:42:39 UTC] PHP Stack trace:
[27-Apr-2016 16:42:39 UTC] PHP   1. {main}() D:\PhpstormProjects\Casper\clientside\execute.php:0
[27-Apr-2016 16:42:39 UTC] PHP   2. SubdomainScanClass->scan() D:\PhpstormProjects\Casper\clientside\execute.php:35
[27-Apr-2016 16:42:39 UTC] PHP   3. dns_get_record() D:\PhpstormProjects\Casper\clientside\subdomainScan.class.php:26
[27-Apr-2016 16:42:39 UTC] PHP Warning:  dns_get_record(): DNS Query failed in D:\PhpstormProjects\Casper\clientside\subdomainScan.class.php on line 26
[27-Apr-2016 16:42:39 UTC] PHP Stack trace:
[27-Apr-2016 16:42:39 UTC] PHP   1. {main}() D:\PhpstormProjects\Casper\clientside\execute.php:0
[27-Apr-2016 16:42:39 UTC] PHP   2. SubdomainScanClass->scan() D:\PhpstormProjects\Casper\clientside\execute.php:35
[27-Apr-2016 16:42:39 UTC] PHP   3. dns_get_record() D:\PhpstormProjects\Casper\clientside\subdomainScan.class.php:26
[27-Apr-2016 16:42:39 UTC] PHP Warning:  dns_get_record(): DNS Query failed in D:\PhpstormProjects\Casper\clientside\subdomainScan.class.php on line 26
[27-Apr-2016 16:42:39 UTC] PHP Stack trace:
[27-Apr-2016 16:42:39 UTC] PHP   1. {main}() D:\PhpstormProjects\Casper\clientside\execute.php:0
[27-Apr-2016 16:42:39 UTC] PHP   2. SubdomainScanClass->scan() D:\PhpstormProjects\Casper\clientside\execute.php:35
[27-Apr-2016 16:42:39 UTC] PHP   3. dns_get_record() D:\PhpstormProjects\Casper\clientside\subdomainScan.class.php:26
[27-Apr-2016 16:42:39 UTC] PHP Warning:  dns_get_record(): DNS Query failed in D:\PhpstormProjects\Casper\clientside\subdomainScan.class.php on line 26
[27-Apr-2016 16:42:39 UTC] PHP Stack trace:
[27-Apr-2016 16:42:39 UTC] PHP   1. {main}() D:\PhpstormProjects\Casper\clientside\execute.php:0
[27-Apr-2016 16:42:39 UTC] PHP   2. SubdomainScanClass->scan() D:\PhpstormProjects\Casper\clientside\execute.php:35
[27-Apr-2016 16:42:39 UTC] PHP   3. dns_get_record() D:\PhpstormProjects\Casper\clientside\subdomainScan.class.php:26
[27-Apr-2016 16:42:39 UTC] PHP Warning:  dns_get_record(): DNS Query failed in D:\PhpstormProjects\Casper\clientside\subdomainScan.class.php on line 26
[27-Apr-2016 16:42:39 UTC] PHP Stack trace:
[27-Apr-2016 16:42:39 UTC] PHP   1. {main}() D:\PhpstormProjects\Casper\clientside\execute.php:0
[27-Apr-2016 16:42:39 UTC] PHP   2. SubdomainScanClass->scan() D:\PhpstormProjects\Casper\clientside\execute.php:35
[27-Apr-2016 16:42:39 UTC] PHP   3. dns_get_record() D:\PhpstormProjects\Casper\clientside\subdomainScan.class.php:26
[27-Apr-2016 16:42:39 UTC] PHP Warning:  dns_get_record(): DNS Query failed in D:\PhpstormProjects\Casper\clientside\subdomainScan.class.php on line 26
[27-Apr-2016 16:42:39 UTC] PHP Stack trace:
[27-Apr-2016 16:42:39 UTC] PHP   1. {main}() D:\PhpstormProjects\Casper\clientside\execute.php:0
[27-Apr-2016 16:42:39 UTC] PHP   2. SubdomainScanClass->scan() D:\PhpstormProjects\Casper\clientside\execute.php:35
[27-Apr-2016 16:42:39 UTC] PHP   3. dns_get_record() D:\PhpstormProjects\Casper\clientside\subdomainScan.class.php:26
[27-Apr-2016 16:42:39 UTC] PHP Warning:  dns_get_record(): DNS Query failed in D:\PhpstormProjects\Casper\clientside\subdomainScan.class.php on line 26
[27-Apr-2016 16:42:39 UTC] PHP Stack trace:
[27-Apr-2016 16:42:39 UTC] PHP   1. {main}() D:\PhpstormProjects\Casper\clientside\execute.php:0
[27-Apr-2016 16:42:39 UTC] PHP   2. SubdomainScanClass->scan() D:\PhpstormProjects\Casper\clientside\execute.php:35
[27-Apr-2016 16:42:39 UTC] PHP   3. dns_get_record() D:\PhpstormProjects\Casper\clientside\subdomainScan.class.php:26
[27-Apr-2016 16:42:39 UTC] PHP Warning:  dns_get_record(): DNS Query failed in D:\PhpstormProjects\Casper\clientside\subdomainScan.class.php on line 26
[27-Apr-2016 16:42:39 UTC] PHP Stack trace:
[27-Apr-2016 16:42:39 UTC] PHP   1. {main}() D:\PhpstormProjects\Casper\clientside\execute.php:0
[27-Apr-2016 16:42:39 UTC] PHP   2. SubdomainScanClass->scan() D:\PhpstormProjects\Casper\clientside\execute.php:35
[27-Apr-2016 16:42:39 UTC] PHP   3. dns_get_record() D:\PhpstormProjects\Casper\clientside\subdomainScan.class.php:26
[27-Apr-2016 16:42:39 UTC] PHP Warning:  dns_get_record(): DNS Query failed in D:\PhpstormProjects\Casper\clientside\subdomainScan.class.php on line 26
[27-Apr-2016 16:42:39 UTC] PHP Stack trace:
[27-Apr-2016 16:42:39 UTC] PHP   1. {main}() D:\PhpstormProjects\Casper\clientside\execute.php:0
[27-Apr-2016 16:42:39 UTC] PHP   2. SubdomainScanClass->scan() D:\PhpstormProjects\Casper\clientside\execute.php:35
[27-Apr-2016 16:42:39 UTC] PHP   3. dns_get_record() D:\PhpstormProjects\Casper\clientside\subdomainScan.class.php:26
[27-Apr-2016 16:42:39 UTC] PHP Warning:  dns_get_record(): DNS Query failed in D:\PhpstormProjects\Casper\clientside\subdomainScan.class.php on line 26
[27-Apr-2016 16:42:39 UTC] PHP Stack trace:
[27-Apr-2016 16:42:39 UTC] PHP   1. {main}() D:\PhpstormProjects\Casper\clientside\execute.php:0
[27-Apr-2016 16:42:39 UTC] PHP   2. SubdomainScanClass->scan() D:\PhpstormProjects\Casper\clientside\execute.php:35
[27-Apr-2016 16:42:39 UTC] PHP   3. dns_get_record() D:\PhpstormProjects\Casper\clientside\subdomainScan.class.php:26
[27-Apr-2016 16:42:39 UTC] PHP Warning:  dns_get_record(): DNS Query failed in D:\PhpstormProjects\Casper\clientside\subdomainScan.class.php on line 26
[27-Apr-2016 16:42:39 UTC] PHP Stack trace:
[27-Apr-2016 16:42:39 UTC] PHP   1. {main}() D:\PhpstormProjects\Casper\clientside\execute.php:0
[27-Apr-2016 16:42:39 UTC] PHP   2. SubdomainScanClass->scan() D:\PhpstormProjects\Casper\clientside\execute.php:35
[27-Apr-2016 16:42:39 UTC] PHP   3. dns_get_record() D:\PhpstormProjects\Casper\clientside\subdomainScan.class.php:26
[27-Apr-2016 16:42:39 UTC] PHP Warning:  dns_get_record(): DNS Query failed in D:\PhpstormProjects\Casper\clientside\subdomainScan.class.php on line 26
[27-Apr-2016 16:42:39 UTC] PHP Stack trace:
[27-Apr-2016 16:42:39 UTC] PHP   1. {main}() D:\PhpstormProjects\Casper\clientside\execute.php:0
[27-Apr-2016 16:42:39 UTC] PHP   2. SubdomainScanClass->scan() D:\PhpstormProjects\Casper\clientside\execute.php:35
[27-Apr-2016 16:42:39 UTC] PHP   3. dns_get_record() D:\PhpstormProjects\Casper\clientside\subdomainScan.class.php:26
[27-Apr-2016 16:51:21 UTC] PHP Fatal error:  Maximum execution time of 30 seconds exceeded in D:\PhpstormProjects\Casper\clientside\subdomainScan.class.php on line 30
[27-Apr-2016 16:51:21 UTC] PHP Stack trace:
[27-Apr-2016 16:51:21 UTC] PHP   1. {main}() D:\PhpstormProjects\Casper\clientside\execute.php:0
[27-Apr-2016 16:51:21 UTC] PHP   2. SubdomainScanClass->scan() D:\PhpstormProjects\Casper\clientside\execute.php:35
